\BOOKMARK [0][-]{chapter*.2}{Abbildungsverzeichnis}{}% 1
\BOOKMARK [0][-]{chapter.1}{Einleitung}{}% 2
\BOOKMARK [1][-]{section.1.1}{Motivation}{chapter.1}% 3
\BOOKMARK [1][-]{section.1.2}{Aufbau der Arbeit}{chapter.1}% 4
\BOOKMARK [0][-]{chapter.2}{Grundlagen}{}% 5
\BOOKMARK [1][-]{section.2.1}{PS/2-Tastaturschnittstelle}{chapter.2}% 6
\BOOKMARK [1][-]{section.2.2}{PS/2-Protokoll}{chapter.2}% 7
\BOOKMARK [1][-]{section.2.3}{Verwandte Arbeiten}{chapter.2}% 8
\BOOKMARK [1][-]{section.2.4}{Rechtliche Grundlagen}{chapter.2}% 9
\BOOKMARK [0][-]{chapter.3}{Implementierung}{}% 10
\BOOKMARK [1][-]{section.3.1}{Softwaredokumentation}{chapter.3}% 11
\BOOKMARK [2][-]{subsection.3.1.1}{Bibliothek Keys}{section.3.1}% 12
\BOOKMARK [2][-]{subsection.3.1.2}{Software auf dem Mikrocontroller}{section.3.1}% 13
\BOOKMARK [1][-]{section.3.2}{Aufbau der Elektronik}{chapter.3}% 14
\BOOKMARK [0][-]{chapter.4}{Evaluation}{}% 15
\BOOKMARK [1][-]{section.4.1}{Abwehrmechanismen}{chapter.4}% 16
\BOOKMARK [0][-]{chapter.5}{Zusammenfassung}{}% 17
\BOOKMARK [1][-]{section.5.1}{Ausblick}{chapter.5}% 18
\BOOKMARK [0][-]{chapter*.3}{Literaturverzeichnis}{}% 19
\BOOKMARK [0][-]{appendix.A}{Anhang}{}% 20
\BOOKMARK [1][-]{section.A.1}{PS/2-Tastatur Scancode-Set 2}{appendix.A}% 21
\BOOKMARK [1][-]{section.A.2}{Befehlssatz}{appendix.A}% 22
\BOOKMARK [1][-]{section.A.3}{Quellcode}{appendix.A}% 23
\BOOKMARK [2][-]{subsection.A.3.1}{Microcontroller}{section.A.3}% 24
\BOOKMARK [2][-]{subsection.A.3.2}{Keys Bibliothek}{section.A.3}% 25
