This is pdfTeX, Version 3.1415926-2.5-1.40.14 (TeX Live 2013) (format=pdflatex 2014.4.24)  26 MAY 2014 20:59
entering extended mode
 restricted \write18 enabled.
 %&-line parsing enabled.
**titlepage.tex -recorder
(./titlepage.tex
LaTeX2e <2011/06/27>
Babel <3.9f> and hyphenation patterns for 78 languages loaded.

! LaTeX Error: Missing \begin{document}.

See the LaTeX manual or LaTeX Companion for explanation.
Type  H <return>  for immediate help.
 ...                                              
                                                  
l.2 \begin{center}
                  
You're in trouble here.  Try typing  <return>  to proceed.
If that doesn't work, type  X <return>  to quit.


Overfull \hbox (20.0pt too wide) in paragraph at lines 2--2
[] 
 []

! Undefined control sequence.
<recently read> \large 
                       
l.3 ...ische Friedrich-Wilhelms-Universit√§t Bonn}
                                                  \\[1pc]
The control sequence at the end of the top line
of your error message was never \def'ed. If you have
misspelled it (e.g., `\hobx'), type `I' and the correct
spelling (e.g., `I\hbox'). Otherwise just continue,
and I'll forget about whatever was undefined.

Missing character: There is no √ in font cmcsc10!
Missing character: There is no § in font cmcsc10!

Overfull \hbox (54.0886pt too wide) in paragraph at lines 3--3
 \OT1/cmr/m/sc/10 Rheinische 
 []


Overfull \hbox (52.85805pt too wide) in paragraph at lines 3--3
 \OT1/cmr/m/sc/10 Friedrich- 
 []


Overfull \hbox (51.87744pt too wide) in paragraph at lines 3--3
 \OT1/cmr/m/sc/10 Wilhelms- 
 []


Overfull \hbox (54.44969pt too wide) in paragraph at lines 3--3
 \OT1/cmr/m/sc/10 Universitt 
 []


Overfull \hbox (26.33041pt too wide) in paragraph at lines 3--3
 \OT1/cmr/m/sc/10 Bonn 
 []

! Undefined control sequence.
<recently read> \large 
                       
l.4   \textsc{\large Institut f√ºr Informatik IV}
                                                 \\[2pc]
The control sequence at the end of the top line
of your error message was never \def'ed. If you have
misspelled it (e.g., `\hobx'), type `I' and the correct
spelling (e.g., `I\hbox'). Otherwise just continue,
and I'll forget about whatever was undefined.

Missing character: There is no √ in font cmcsc10!
Missing character: There is no º in font cmcsc10!

Overfull \hbox (41.6553pt too wide) in paragraph at lines 4--4
 []\OT1/cmr/m/sc/10 Institut 
 []


Overfull \hbox (11.37775pt too wide) in paragraph at lines 4--4
 \OT1/cmr/m/sc/10 fr 
 []


Overfull \hbox (13.96655pt too wide) in paragraph at lines 4--4
 \OT1/cmr/m/sc/10 In- 
 []


Overfull \hbox (21.28879pt too wide) in paragraph at lines 4--4
 \OT1/cmr/m/sc/10 for- 
 []


Overfull \hbox (28.22206pt too wide) in paragraph at lines 4--4
 \OT1/cmr/m/sc/10 matik 
 []


Overfull \hbox (12.34012pt too wide) in paragraph at lines 4--4
 \OT1/cmr/m/sc/10 IV 
 []

! Undefined control sequence.
l.5   \includegraphics
                      [scale=0.07]{images/logo}\\
The control sequence at the end of the top line
of your error message was never \def'ed. If you have
misspelled it (e.g., `\hobx'), type `I' and the correct
spelling (e.g., `I\hbox'). Otherwise just continue,
and I'll forget about whatever was undefined.

Missing character: There is no [ in font nullfont!
Missing character: There is no s in font nullfont!
Missing character: There is no c in font nullfont!
Missing character: There is no a in font nullfont!
Missing character: There is no l in font nullfont!
Missing character: There is no e in font nullfont!
Missing character: There is no = in font nullfont!
Missing character: There is no 0 in font nullfont!
Missing character: There is no . in font nullfont!
Missing character: There is no 0 in font nullfont!
Missing character: There is no 7 in font nullfont!
Missing character: There is no ] in font nullfont!
Missing character: There is no i in font nullfont!
Missing character: There is no m in font nullfont!
Missing character: There is no a in font nullfont!
Missing character: There is no g in font nullfont!
Missing character: There is no e in font nullfont!
Missing character: There is no s in font nullfont!
Missing character: There is no / in font nullfont!
Missing character: There is no l in font nullfont!
Missing character: There is no o in font nullfont!
Missing character: There is no g in font nullfont!
Missing character: There is no o in font nullfont!
! Undefined control sequence.
<recently read> \large 
                       
l.8   \textsc{\large Bachelorarbeit}
                                    \\[3pc]
The control sequence at the end of the top line
of your error message was never \def'ed. If you have
misspelled it (e.g., `\hobx'), type `I' and the correct
spelling (e.g., `I\hbox'). Otherwise just continue,
and I'll forget about whatever was undefined.


Overfull \hbox (81.21902pt too wide) in paragraph at lines 8--8
 []\OT1/cmr/m/sc/10 Bachelorarbeit 
 []


! LaTeX Error: Environment spacing undefined.

See the LaTeX manual or LaTeX Companion for explanation.
Type  H <return>  for immediate help.
 ...                                              
                                                  
l.9   \begin{spacing}
                     {2}
Your command was ignored.
Type  I <command> <return>  to replace it with another command,
or  <return>  to continue without it.

Missing character: There is no 2 in font nullfont!
! Undefined control sequence.
<recently read> \LARGE 
                       
l.10 ...sequenzen mittels Arduino Mikrocontroller}
                                                  \\[3pc]
The control sequence at the end of the top line
of your error message was never \def'ed. If you have
misspelled it (e.g., `\hobx'), type `I' and the correct
spelling (e.g., `I\hbox'). Otherwise just continue,
and I'll forget about whatever was undefined.


Overfull \hbox (22.43044pt too wide) in paragraph at lines 9--10
 \OT1/cmr/bx/n/10 Auf- 
 []


Overfull \hbox (33.22203pt too wide) in paragraph at lines 9--10
 \OT1/cmr/bx/n/10 nahme 
 []


Overfull \hbox (19.16656pt too wide) in paragraph at lines 9--10
 \OT1/cmr/bx/n/10 und 
 []


Overfull \hbox (40.58315pt too wide) in paragraph at lines 9--10
 \OT1/cmr/bx/n/10 Wieder- 
 []


Overfull \hbox (23.3193pt too wide) in paragraph at lines 9--10
 \OT1/cmr/bx/n/10 gabe 
 []


Overfull \hbox (17.8888pt too wide) in paragraph at lines 9--10
 \OT1/cmr/bx/n/10 von 
 []


Overfull \hbox (21.00124pt too wide) in paragraph at lines 9--10
 \OT1/cmr/bx/n/10 Tas- 
 []


Overfull \hbox (77.47318pt too wide) in paragraph at lines 9--10
 \OT1/cmr/bx/n/10 tatureingabese- 
 []


Overfull \hbox (27.95125pt too wide) in paragraph at lines 9--10
 \OT1/cmr/bx/n/10 quen- 
 []


Overfull \hbox (16.77075pt too wide) in paragraph at lines 9--10
 \OT1/cmr/bx/n/10 zen 
 []


Overfull \hbox (21.08322pt too wide) in paragraph at lines 9--10
 \OT1/cmr/bx/n/10 mit- 
 []


Overfull \hbox (17.47351pt too wide) in paragraph at lines 9--10
 \OT1/cmr/bx/n/10 tels 
 []


Overfull \hbox (17.26381pt too wide) in paragraph at lines 9--10
 \OT1/cmr/bx/n/10 Ar- 
 []


Overfull \hbox (28.11096pt too wide) in paragraph at lines 9--10
 \OT1/cmr/bx/n/10 duino 
 []


Overfull \hbox (34.49983pt too wide) in paragraph at lines 9--10
 \OT1/cmr/bx/n/10 Mikro- 
 []


Overfull \hbox (21.08322pt too wide) in paragraph at lines 9--10
 \OT1/cmr/bx/n/10 con- 
 []


Overfull \hbox (31.35403pt too wide) in paragraph at lines 9--10
 \OT1/cmr/bx/n/10 troller 
 []


! LaTeX Error: \begin{center} on input line 2 ended by \end{spacing}.

See the LaTeX manual or LaTeX Companion for explanation.
Type  H <return>  for immediate help.
 ...                                              
                                                  
l.11   \end{spacing}
                    
Your command was ignored.
Type  I <command> <return>  to replace it with another command,
or  <return>  to continue without it.

! Undefined control sequence.
<recently read> \large 
                       
l.12   \textsc{\large Andreas J. Fritz, 2404696}
                                                \\
The control sequence at the end of the top line
of your error message was never \def'ed. If you have
misspelled it (e.g., `\hobx'), type `I' and the correct
spelling (e.g., `I\hbox'). Otherwise just continue,
and I'll forget about whatever was undefined.


Overfull \hbox (42.82758pt too wide) in paragraph at lines 12--12
 []\OT1/cmr/m/sc/10 Andreas 
 []


Overfull \hbox (8.861pt too wide) in paragraph at lines 12--12
 \OT1/cmr/m/sc/10 J. 
 []


Overfull \hbox (30.29701pt too wide) in paragraph at lines 12--12
 \OT1/cmr/m/sc/10 Fritz, 
 []


Overfull \hbox (38.69408pt too wide) in paragraph at lines 12--12
 \OT1/cmr/m/sc/10 2404696 
 []

! Undefined control sequence.
<recently read> \large 
                       
l.14 ...ge Erstgutachter: Prof. Dr. Michael Meier}
                                                  \\[1pc]
The control sequence at the end of the top line
of your error message was never \def'ed. If you have
misspelled it (e.g., `\hobx'), type `I' and the correct
spelling (e.g., `I\hbox'). Otherwise just continue,
and I'll forget about whatever was undefined.


Overfull \hbox (80.37727pt too wide) in paragraph at lines 14--14
 []\OT1/cmr/m/sc/10 Erstgutachter: 
 []


Overfull \hbox (28.12202pt too wide) in paragraph at lines 14--14
 \OT1/cmr/m/sc/10 Prof. 
 []


Overfull \hbox (17.5082pt too wide) in paragraph at lines 14--14
 \OT1/cmr/m/sc/10 Dr. 
 []


Overfull \hbox (41.79973pt too wide) in paragraph at lines 14--14
 \OT1/cmr/m/sc/10 Michael 
 []


Overfull \hbox (30.08867pt too wide) in paragraph at lines 14--14
 \OT1/cmr/m/sc/10 Meier 
 []

! Undefined control sequence.
<recently read> \large 
                       
l.15 ...achter: Dipl.-Inform. Matthias W√ºbbeling}
                                                  \\[1pc]
The control sequence at the end of the top line
of your error message was never \def'ed. If you have
misspelled it (e.g., `\hobx'), type `I' and the correct
spelling (e.g., `I\hbox'). Otherwise just continue,
and I'll forget about whatever was undefined.

Missing character: There is no √ in font cmcsc10!
Missing character: There is no º in font cmcsc10!

Overfull \hbox (86.01059pt too wide) in paragraph at lines 15--15
 []\OT1/cmr/m/sc/10 Zweitgutachter: 
 []


Overfull \hbox (28.99698pt too wide) in paragraph at lines 15--15
 \OT1/cmr/m/sc/10 Dipl.- 
 []


Overfull \hbox (38.36089pt too wide) in paragraph at lines 15--15
 \OT1/cmr/m/sc/10 Inform. 
 []


Overfull \hbox (47.04414pt too wide) in paragraph at lines 15--15
 \OT1/cmr/m/sc/10 Matthias 
 []


Overfull \hbox (37.14421pt too wide) in paragraph at lines 15--15
 \OT1/cmr/m/sc/10 Wbbel- 
 []


Overfull \hbox (15.56659pt too wide) in paragraph at lines 15--15
 \OT1/cmr/m/sc/10 ing 
 []

! Undefined control sequence.
<recently read> \large 
                       
l.16   \textsc{\large Bonn, 23 September 2014}
                                              
The control sequence at the end of the top line
of your error message was never \def'ed. If you have
misspelled it (e.g., `\hobx'), type `I' and the correct
spelling (e.g., `I\hbox'). Otherwise just continue,
and I'll forget about whatever was undefined.


Overfull \hbox (29.52481pt too wide) in paragraph at lines 16--17
 []\OT1/cmr/m/sc/10 Bonn, 
 []


Overfull \hbox (11.05545pt too wide) in paragraph at lines 16--17
 \OT1/cmr/m/sc/10 23 
 []


Overfull \hbox (39.99971pt too wide) in paragraph at lines 16--17
 \OT1/cmr/m/sc/10 Septem- 
 []


Overfull \hbox (17.39993pt too wide) in paragraph at lines 16--17
 \OT1/cmr/m/sc/10 ber 
 []


Overfull \hbox (22.1109pt too wide) in paragraph at lines 16--17
 \OT1/cmr/m/sc/10 2014 
 []

)
Missing character: There is no - in font nullfont!
Missing character: There is no r in font nullfont!
Missing character: There is no e in font nullfont!
Missing character: There is no c in font nullfont!
Missing character: There is no o in font nullfont!
Missing character: There is no r in font nullfont!
Missing character: There is no d in font nullfont!
Missing character: There is no e in font nullfont!
Missing character: There is no r in font nullfont!

! Emergency stop.
<*> titlepage.tex -recorder
                           
*** (job aborted, no legal \end found)

 
Here is how much of TeX's memory you used:
 14 strings out of 493315
 208 string characters out of 6137904
 54158 words of memory out of 5000000
 3564 multiletter control sequences out of 15000+600000
 4249 words of font info for 16 fonts, out of 8000000 for 9000
 957 hyphenation exceptions out of 8191
 13i,1n,10p,153b,120s stack positions out of 5000i,500n,10000p,200000b,80000s
!  ==> Fatal error occurred, no output PDF file produced!
